Demo/CH34xUARTDemo/build/outputs/logs/manifest-merger-debug-report.txt
-- Merging decision tree log ---
manifest
ADDED from Demo\CH34xUARTDemo\AndroidManifest.xml:2:1-47:12
INJECTED from Demo\CH34xUARTDemo\AndroidManifest.xml:2:1-47:12
INJECTED from Demo\CH34xUARTDemo\AndroidManifest.xml:2:1-47:12
MERGED from [com.android.support.constraint:constraint-layout:1.1.3] AndroidManifest.xml:2:1-11:12
INJECTED from Demo\CH34xUARTDemo\AndroidManifest.xml:2:1-47:12
INJECTED from Demo\CH34xUARTDemo\AndroidManifest.xml:2:1-47:12
	package
		ADDED from Demo\CH34xUARTDemo\AndroidManifest.xml:3:5-35
	android:versionName
		ADDED from Demo\CH34xUARTDemo\AndroidManifest.xml:5:5-30
		INJECTED from Demo\CH34xUARTDemo\AndroidManifest.xml
		INJECTED from Demo\CH34xUARTDemo\AndroidManifest.xml
	xmlns:android
		ADDED from Demo\CH34xUARTDemo\AndroidManifest.xml:2:11-69
	android:versionCode
		ADDED from Demo\CH34xUARTDemo\AndroidManifest.xml:4:5-29
		INJECTED from Demo\CH34xUARTDemo\AndroidManifest.xml
		INJECTED from Demo\CH34xUARTDemo\AndroidManifest.xml
uses-feature#android.hardware.usb.host
ADDED from Demo\CH34xUARTDemo\AndroidManifest.xml:6:2-59
	android:name
		ADDED from Demo\CH34xUARTDemo\AndroidManifest.xml:6:16-56
uses-sdk
ADDED from Demo\CH34xUARTDemo\AndroidManifest.xml:7:5-9:41
INJECTED from Demo\CH34xUARTDemo\AndroidManifest.xml:7:5-9:41
INJECTED from Demo\CH34xUARTDemo\AndroidManifest.xml:7:5-9:41
MERGED from [com.android.support.constraint:constraint-layout:1.1.3] AndroidManifest.xml:5:5-7:41
MERGED from [com.android.support.constraint:constraint-layout:1.1.3] AndroidManifest.xml:5:5-7:41
INJECTED from Demo\CH34xUARTDemo\AndroidManifest.xml:7:5-9:41
INJECTED from Demo\CH34xUARTDemo\AndroidManifest.xml:7:5-9:41
	android:targetSdkVersion
		ADDED from Demo\CH34xUARTDemo\AndroidManifest.xml:9:9-38
		INJECTED from Demo\CH34xUARTDemo\AndroidManifest.xml
		INJECTED from Demo\CH34xUARTDemo\AndroidManifest.xml
	android:minSdkVersion
		ADDED from Demo\CH34xUARTDemo\AndroidManifest.xml:8:9-35
		INJECTED from Demo\CH34xUARTDemo\AndroidManifest.xml
		INJECTED from Demo\CH34xUARTDemo\AndroidManifest.xml
application
ADDED from Demo\CH34xUARTDemo\AndroidManifest.xml:11:5-45:19
MERGED from [com.android.support.constraint:constraint-layout:1.1.3] AndroidManifest.xml:9:5-20
MERGED from [com.android.support.constraint:constraint-layout:1.1.3] AndroidManifest.xml:9:5-20
	android:label
		ADDED from Demo\CH34xUARTDemo\AndroidManifest.xml:14:9-41
	android:icon
		ADDED from Demo\CH34xUARTDemo\AndroidManifest.xml:13:9-38
	android:allowBackup
		ADDED from Demo\CH34xUARTDemo\AndroidManifest.xml:12:9-35
	android:theme
		ADDED from Demo\CH34xUARTDemo\AndroidManifest.xml:15:9-40
activity#cn.wch.ch34xuartdriver.MainActivity
ADDED from Demo\CH34xUARTDemo\AndroidManifest.xml:16:9-41:20
	android:screenOrientation
		ADDED from Demo\CH34xUARTDemo\AndroidManifest.xml:18:13-50
	android:label
		ADDED from Demo\CH34xUARTDemo\AndroidManifest.xml:19:13-45
	android:launchMode
		ADDED from Demo\CH34xUARTDemo\AndroidManifest.xml:21:13-44
	android:configChanges
		ADDED from Demo\CH34xUARTDemo\AndroidManifest.xml:20:13-74
	android:name
		ADDED from Demo\CH34xUARTDemo\AndroidManifest.xml:17:13-63
intent-filter#action:name:android.intent.action.MAIN+category:name:android.intent.category.LAUNCHER
ADDED from Demo\CH34xUARTDemo\AndroidManifest.xml:22:13-26:29
action#android.intent.action.MAIN
ADDED from Demo\CH34xUARTDemo\AndroidManifest.xml:23:17-69
	android:name
		ADDED from Demo\CH34xUARTDemo\AndroidManifest.xml:23:25-66
category#android.intent.category.LAUNCHER
ADDED from Demo\CH34xUARTDemo\AndroidManifest.xml:25:17-77
	android:name
		ADDED from Demo\CH34xUARTDemo\AndroidManifest.xml:25:27-74
intent-filter#action:name:android.hardware.usb.action.USB_DEVICE_ATTACHED
ADDED from Demo\CH34xUARTDemo\AndroidManifest.xml:28:4-30:20
action#android.hardware.usb.action.USB_DEVICE_ATTACHED
ADDED from Demo\CH34xUARTDemo\AndroidManifest.xml:29:6-79
	android:name
		ADDED from Demo\CH34xUARTDemo\AndroidManifest.xml:29:14-76
intent-filter#action:name:android.media.action.IMAGE_CAPTURE+category:name:android.intent.category.DEFAULT
ADDED from Demo\CH34xUARTDemo\AndroidManifest.xml:34:14-37:29
action#android.media.action.IMAGE_CAPTURE
ADDED from Demo\CH34xUARTDemo\AndroidManifest.xml:35:17-76
	android:name
		ADDED from Demo\CH34xUARTDemo\AndroidManifest.xml:35:25-74
category#android.intent.category.DEFAULT
ADDED from Demo\CH34xUARTDemo\AndroidManifest.xml:36:17-75
	android:name
		ADDED from Demo\CH34xUARTDemo\AndroidManifest.xml:36:27-73
meta-data#android.hardware.usb.action.USB_DEVICE_ATTACHED
ADDED from Demo\CH34xUARTDemo\AndroidManifest.xml:38:6-120
	android:resource
		ADDED from Demo\CH34xUARTDemo\AndroidManifest.xml:38:80-117
	android:name
		ADDED from Demo\CH34xUARTDemo\AndroidManifest.xml:38:17-79